{"C:\\Users\\menna\\OneDrive\\Desktop\\react-vite-typescript-template\\src\\core\\Spinner\\Spinner.tsx": {"path":"C:\\Users\\menna\\OneDrive\\Desktop\\react-vite-typescript-template\\src\\core\\Spinner\\Spinner.tsx","statementMap":{"0":{"start":{"line":16,"column":0},"end":{"line":16,"column":15}},"1":{"start":{"line":1,"column":18},"end":{"line":1,"column":null}},"2":{"start":{"line":2,"column":23},"end":{"line":2,"column":null}},"3":{"start":{"line":10,"column":40},"end":{"line":14,"column":null}},"4":{"start":{"line":16,"column":15},"end":{"line":16,"column":null}}},"fnMap":{"0":{"name":"(anonymous_2)","decl":{"start":{"line":10,"column":40},"end":{"line":10,"column":41}},"loc":{"start":{"line":10,"column":72},"end":{"line":14,"column":null}}}},"branchMap":{},"s":{"0":3,"1":1,"2":1,"3":1,"4":1},"f":{"0":3},"b":{}}
}
